{
  "stats": {
    "suites": 1,
    "tests": 1,
    "passes": 1,
    "pending": 0,
    "failures": 0,
    "start": "2025-09-18T06:55:15.575Z",
    "end": "2025-09-18T06:55:24.215Z",
    "duration": 8640,
    "testsRegistered": 1,
    "passPercent": 100,
    "pendingPercent": 0,
    "other": 0,
    "hasOther": false,
    "skipped": 0,
    "hasSkipped": false
  },
  "results": [
    {
      "uuid": "e05eca73-9eae-46e7-8ac6-7c1873013059",
      "title": "",
      "fullFile": "cypress\\e2e\\day3\\screen_shot.cy.js",
      "file": "cypress\\e2e\\day3\\screen_shot.cy.js",
      "beforeHooks": [],
      "afterHooks": [],
      "tests": [],
      "suites": [
        {
          "uuid": "14783e96-0502-484c-9f45-7fd833bf225b",
          "title": "OrangeHRM Screenshot Examples",
          "fullFile": "",
          "file": "",
          "beforeHooks": [],
          "afterHooks": [],
          "tests": [
            {
              "title": "demonstrates screenshot capabilities",
              "fullTitle": "OrangeHRM Screenshot Examples demonstrates screenshot capabilities",
              "timedOut": null,
              "duration": 8516,
              "state": "passed",
              "speed": "medium",
              "pass": true,
              "fail": false,
              "pending": false,
              "context": null,
              "code": "// Visit login page\ncy.visit('/web/index.php/auth/login');\n// Capture entire page\ncy.screenshot('login-page');\n// Capture specific element\ncy.get('.orangehrm-login-branding').screenshot('login-logo');\n// Fill login form\ncy.get('input[name=\"username\"]').type('Admin');\ncy.get('input[name=\"password\"]').type('admin123');\n// Capture filled form\ncy.screenshot('login-form-filled');\n// Submit form\ncy.get('button[type=\"submit\"]').click();\n// Verify dashboard and capture\ncy.url().should('include', '/dashboard');\ncy.screenshot('dashboard-page');",
              "err": {},
              "uuid": "c807c48c-30d6-49b3-b1d3-e1d9812406ca",
              "parentUUID": "14783e96-0502-484c-9f45-7fd833bf225b",
              "isHook": false,
              "skipped": false
            }
          ],
          "suites": [],
          "passes": [
            "c807c48c-30d6-49b3-b1d3-e1d9812406ca"
          ],
          "failures": [],
          "pending": [],
          "skipped": [],
          "duration": 8516,
          "root": false,
          "rootEmpty": false,
          "_timeout": 2000
        }
      ],
      "passes": [],
      "failures": [],
      "pending": [],
      "skipped": [],
      "duration": 0,
      "root": true,
      "rootEmpty": true,
      "_timeout": 2000
    }
  ],
  "meta": {
    "mocha": {
      "version": "7.2.0"
    },
    "mochawesome": {
      "options": {
        "quiet": false,
        "reportFilename": "mochawesome",
        "saveHtml": true,
        "saveJson": true,
        "consoleReporter": "spec",
        "useInlineDiffs": false,
        "code": true
      },
      "version": "7.1.4"
    },
    "marge": {
      "options": {
        "reportDir": "cypress/reports",
        "overwrite": false,
        "html": true,
        "json": true,
        "charts": true,
        "reportPageTitle": "OrangeHRM Test Report",
        "inlineAssets": true
      },
      "version": "6.3.0"
    }
  }
}